Sun, 07 Apr 2024 00:21:52 MSK INF ../../home/runner/work/neuro-news/neuro-news/internal/app/app.go:212 > Server started on https://localhost::443/
panic: runtime error: invalid memory address or nil pointer dereference
[signal SIGSEGV: segmentation violation code=0x1 addr=0x38 pc=0x7ba36c]
goroutine 9 [running]:
github.com/alekslesik/neuro-news/internal/pkg/grabber.(*Grabber).DetailText.func1(0xc0001d29a0)
	/home/runner/work/neuro-news/neuro-news/internal/pkg/grabber/grabber.go:379 +0x1cc
github.com/alekslesik/neuro-news/internal/pkg/grabber.(*Grabber).DetailText.func1(0xc0001d0620)
	/home/runner/work/neuro-news/neuro-news/internal/pkg/grabber/grabber.go:388 +0xb2
github.com/alekslesik/neuro-news/internal/pkg/grabber.(*Grabber).DetailText.func1(0xc0001d0000)
	/home/runner/work/neuro-news/neuro-news/internal/pkg/grabber/grabber.go:388 +0xb2
github.com/alekslesik/neuro-news/internal/pkg/grabber.(*Grabber).DetailText.func1(0xc0001b9f80)
	/home/runner/work/neuro-news/neuro-news/internal/pkg/grabber/grabber.go:388 +0xb2
github.com/alekslesik/neuro-news/internal/pkg/grabber.(*Grabber).DetailText.func1(0xc0001b98f0)
	/home/runner/work/neuro-news/neuro-news/internal/pkg/grabber/grabber.go:388 +0xb2
github.com/alekslesik/neuro-news/internal/pkg/grabber.(*Grabber).DetailText.func1(0xc0001b9880)
	/home/runner/work/neuro-news/neuro-news/internal/pkg/grabber/grabber.go:388 +0xb2
github.com/alekslesik/neuro-news/internal/pkg/grabber.(*Grabber).DetailText.func1(0xc0001b8e00)
	/home/runner/work/neuro-news/neuro-news/internal/pkg/grabber/grabber.go:388 +0xb2
github.com/alekslesik/neuro-news/internal/pkg/grabber.(*Grabber).DetailText.func1(0xc0001b8d20)
	/home/runner/work/neuro-news/neuro-news/internal/pkg/grabber/grabber.go:388 +0xb2
github.com/alekslesik/neuro-news/internal/pkg/grabber.(*Grabber).DetailText.func1(0xc000119650)
	/home/runner/work/neuro-news/neuro-news/internal/pkg/grabber/grabber.go:388 +0xb2
github.com/alekslesik/neuro-news/internal/pkg/grabber.(*Grabber).DetailText.func1(0xc0000e5c70)
	/home/runner/work/neuro-news/neuro-news/internal/pkg/grabber/grabber.go:388 +0xb2
github.com/alekslesik/neuro-news/internal/pkg/grabber.(*Grabber).DetailText.func1(0xc0000e8540)
	/home/runner/work/neuro-news/neuro-news/internal/pkg/grabber/grabber.go:388 +0xb2
github.com/alekslesik/neuro-news/internal/pkg/grabber.(*Grabber).DetailText.func1(0xc0000e9260)
	/home/runner/work/neuro-news/neuro-news/internal/pkg/grabber/grabber.go:388 +0xb2
github.com/alekslesik/neuro-news/internal/pkg/grabber.(*Grabber).DetailText.func1(0xc0000e9180)
	/home/runner/work/neuro-news/neuro-news/internal/pkg/grabber/grabber.go:388 +0xb2
github.com/alekslesik/neuro-news/internal/pkg/grabber.(*Grabber).DetailText(0xc000061b20, {0xc0000f9180?, 0x0?}, {{0x8e921c, 0x1}, {0x8e9eff, 0x5}, {0x8f7dc5, 0x18}})
	/home/runner/work/neuro-news/neuro-news/internal/pkg/grabber/grabber.go:392 +0x1d8
github.com/alekslesik/neuro-news/internal/pkg/grabber.(*Grabber).GrabArticle(0xc000061b20)
	/home/runner/work/neuro-news/neuro-news/internal/pkg/grabber/grabber.go:251 +0x4d9
github.com/alekslesik/neuro-news/internal/app/service.(*articleService).GrabNewArticle(0xc00020dfa8)
	/home/runner/work/neuro-news/neuro-news/internal/app/service/service_article.go:260 +0x25
github.com/alekslesik/neuro-news/internal/app.(*Application).Run.func1()
	/home/runner/work/neuro-news/neuro-news/internal/app/app.go:122 +0xbf
created by github.com/alekslesik/neuro-news/internal/app.(*Application).Run in goroutine 1
	/home/runner/work/neuro-news/neuro-news/internal/app/app.go:120 +0xac
neuro-news.service: Main process exited, code=exited, status=2/INVALIDARGUMENT
neuro-news.service: Failed with result 'exit-code'.
neuro-news.service: Scheduled restart job, restart counter is at 7.
Stopped Neuro news web service.
neuro-news.service: Start request repeated too quickly.
neuro-news.service: Failed with result 'exit-code'.
Failed to start Neuro news web service.
root@alekslesik1:~# 
root@alekslesik1:~# 
